  1.cpp
C:\git\study_algorithm\백준스터디\baekjoonstudy\baekjoonstudy\1.cpp(12,21): warning C4267: '초기화 중': 'size_t'에서 'int'(으)로 변환하면서 데이터가 손실될 수 있습니다.
  10815번숫자카드.cpp
  10845큐.cpp
  1406에디터 .cpp
C:\git\study_algorithm\백준스터디\baekjoonstudy\baekjoonstudy\1406에디터 .cpp(35,16): warning C4267: '초기화 중': 'size_t'에서 'int'(으)로 변환하면서 데이터가 손실될 수 있습니다.
C:\git\study_algorithm\백준스터디\baekjoonstudy\baekjoonstudy\1406에디터 .cpp(36,20): warning C4267: '초기화 중': 'size_t'에서 'int'(으)로 변환하면서 데이터가 손실될 수 있습니다.
  14225부분수열의 합.cpp
C:\git\study_algorithm\백준스터디\baekjoonstudy\baekjoonstudy\14225부분수열의 합.cpp(35,35): error C2664: 'void sum2(int,unsigned int *,unsigned int *,unsigned int &)': 인수 4을(를) 'unsigned int'에서 'unsigned int &'(으)로 변환할 수 없습니다.
C:\git\study_algorithm\백준스터디\baekjoonstudy\baekjoonstudy\14225부분수열의 합.cpp(28,6): message : 'sum2' 선언을 참조하십시오.
C:\git\study_algorithm\백준스터디\baekjoonstudy\baekjoonstudy\14225부분수열의 합.cpp(36,2): error C2143: 구문 오류: ';'이(가) '}' 앞에 없습니다.
C:\git\study_algorithm\백준스터디\baekjoonstudy\baekjoonstudy\14225부분수열의 합.cpp(64,20): warning C4018: '<': signed 또는 unsigned가 일치하지 않습니다.
  1920수찾기.cpp
  2.cpp
  2231분해합.cpp
  10828스택.cpp
  3.cpp
  4.cpp
  5.cpp
  6.cpp
  7.cpp
  8.cpp
  lv1소수만들기.cpp
  lv1신고결과받기.cpp
C:\git\study_algorithm\백준스터디\baekjoonstudy\baekjoonstudy\lv1신고결과받기.cpp(11,29): warning C4267: '초기화 중': 'size_t'에서 'int'(으)로 변환하면서 데이터가 손실될 수 있습니다.
C:\git\study_algorithm\백준스터디\baekjoonstudy\baekjoonstudy\lv1신고결과받기.cpp(16,37): warning C4267: '초기화 중': 'size_t'에서 'int'(으)로 변환하면서 데이터가 손실될 수 있습니다.
C:\git\study_algorithm\백준스터디\baekjoonstudy\baekjoonstudy\lv1신고결과받기.cpp(42,34): warning C4244: '초기화 중': '__int64'에서 'int'(으)로 변환하면서 데이터가 손실될 수 있습니다.
  lv1신규아이디추천.cpp
C:\git\study_algorithm\백준스터디\baekjoonstudy\baekjoonstudy\lv1신규아이디추천.cpp(38,29): warning C4267: '초기화 중': 'size_t'에서 'int'(으)로 변환하면서 데이터가 손실될 수 있습니다.
C:\git\study_algorithm\백준스터디\baekjoonstudy\baekjoonstudy\lv1신규아이디추천.cpp(50,27): warning C4267: '=': 'size_t'에서 'int'(으)로 변환하면서 데이터가 손실될 수 있습니다.
C:\git\study_algorithm\백준스터디\baekjoonstudy\baekjoonstudy\lv1신규아이디추천.cpp(55,25): warning C4267: '=': 'size_t'에서 'int'(으)로 변환하면서 데이터가 손실될 수 있습니다.
C:\git\study_algorithm\백준스터디\baekjoonstudy\baekjoonstudy\lv1신규아이디추천.cpp(61,27): warning C4267: '=': 'size_t'에서 'int'(으)로 변환하면서 데이터가 손실될 수 있습니다.
  lv2 124나라.cpp
  lv2기능개발.cpp
  컴파일하고 있습니다...
  lv2문자열압축.cpp
C:\git\study_algorithm\백준스터디\baekjoonstudy\baekjoonstudy\lv2문자열압축.cpp(11,5): warning C4267: '초기화 중': 'size_t'에서 'int'(으)로 변환하면서 데이터가 손실될 수 있습니다.
  다익스트라.cpp
  lv2멀쩡한사각형.cpp
  오버킬출제문제.cpp
  이코테25강정렬두배열의원소교체.cpp
  2750수정렬하기.cpp
  2798블랙잭.cpp
  7568덩치.cpp
  90951,2,3더하기.cpp
  lazyskiplist.cpp
  이코테29강 1만들기.cpp
  이코테14강상하좌우.cpp
  이코테15강문자열재정렬.cpp
  이코테15강시각.cpp
  이코테15강왕실의나이트.cpp
  이코테20강미로탈출.cpp
  이코테20강음료수얼려먹기.cpp
C:\git\study_algorithm\백준스터디\baekjoonstudy\baekjoonstudy\이코테20강음료수얼려먹기.cpp(39,12): warning C4477: 'scanf_s' : 서식 문자열 '%1d'에 'int *' 형식의 인수가 필요하지만 variadic 인수 1의 형식이 'bool *'입니다.
  이코테27강떡볶이떡.cpp
  이코테27강정렬된배열에서특정수의개수구하기.cpp
C:\git\study_algorithm\백준스터디\baekjoonstudy\baekjoonstudy\이코테27강정렬된배열에서특정수의개수구하기.cpp(17,20): warning C4244: 'return': '__int64'에서 'int'(으)로 변환하면서 데이터가 손실될 수 있습니다.
  이코테29강fibo.cpp
C:\git\study_algorithm\백준스터디\baekjoonstudy\baekjoonstudy\이코테29강fibo.cpp(15,17): warning C4477: 'printf' : 서식 문자열 '%d'에 'int' 형식의 인수가 필요하지만 variadic 인수 2의 형식이 '__int64'입니다.
C:\git\study_algorithm\백준스터디\baekjoonstudy\baekjoonstudy\이코테29강fibo.cpp(15,17): message : 서식 문자열에서 '%lld'을(를) 사용하는 것이 좋습니다.
C:\git\study_algorithm\백준스터디\baekjoonstudy\baekjoonstudy\이코테29강fibo.cpp(15,17): message : 서식 문자열에서 '%Id'을(를) 사용하는 것이 좋습니다.
C:\git\study_algorithm\백준스터디\baekjoonstudy\baekjoonstudy\이코테29강fibo.cpp(15,17): message : 서식 문자열에서 '%I64d'을(를) 사용하는 것이 좋습니다.
  컴파일하고 있습니다...
  이코테29강개미전사.cpp
  이코테30강 다익스트라.cpp
C:\git\study_algorithm\백준스터디\baekjoonstudy\baekjoonstudy\이코테30강 다익스트라.cpp(98,1): warning C4326: 'main'의 반환 형식이 'int'이어야 하는데 'void'입니다.
  이코테12강그리디1.cpp
  이코테12강그리디2.cpp
C:\git\study_algorithm\백준스터디\baekjoonstudy\baekjoonstudy\이코테12강그리디2.cpp(19,14): warning C4267: '=': 'size_t'에서 'int'(으)로 변환하면서 데이터가 손실될 수 있습니다.
  이코테12강그리디3.cpp
  타겟넘버.cpp
