c:\git\study_algorithm\백준스터디\baekjoonstudy\baekjoonstudy\x64\debug\vc142.pdb
c:\git\study_algorithm\백준스터디\baekjoonstudy\baekjoonstudy\x64\debug\vc142.idb
c:\git\study_algorithm\백준스터디\baekjoonstudy\baekjoonstudy\x64\debug\이코테27강떡볶이떡.obj
c:\git\study_algorithm\백준스터디\baekjoonstudy\baekjoonstudy\x64\debug\이코테27강정렬된배열에서특정수의개수구하기.obj
c:\git\study_algorithm\백준스터디\baekjoonstudy\baekjoonstudy\x64\debug\이코테29강개미전사.obj
c:\git\study_algorithm\백준스터디\baekjoonstudy\baekjoonstudy\x64\debug\이코테29강 1만들기.obj
c:\git\study_algorithm\백준스터디\baekjoonstudy\baekjoonstudy\x64\debug\lazyskiplist.obj
c:\git\study_algorithm\백준스터디\baekjoonstudy\baekjoonstudy\x64\debug\이코테29강fibo.obj
c:\git\study_algorithm\백준스터디\baekjoonstudy\baekjoonstudy\x64\debug\이코테15강왕실의나이트.obj
c:\git\study_algorithm\백준스터디\baekjoonstudy\baekjoonstudy\x64\debug\이코테30강 다익스트라.obj
c:\git\study_algorithm\백준스터디\baekjoonstudy\baekjoonstudy\x64\debug\10815번숫자카드.obj
c:\git\study_algorithm\백준스터디\baekjoonstudy\baekjoonstudy\x64\debug\10828스택.obj
c:\git\study_algorithm\백준스터디\baekjoonstudy\baekjoonstudy\x64\debug\10845큐.obj
c:\git\study_algorithm\백준스터디\baekjoonstudy\x64\debug\baekjoonstudy.exe
c:\git\study_algorithm\백준스터디\baekjoonstudy\baekjoonstudy\x64\debug\baekjoonstudy.ilk
c:\git\study_algorithm\백준스터디\baekjoonstudy\x64\debug\baekjoonstudy.pdb
c:\git\study_algorithm\백준스터디\baekjoonstudy\baekjoonstudy\x64\debug\이코테15강문자열재정렬.obj.enc
c:\git\study_algorithm\백준스터디\baekjoonstudy\baekjoonstudy\x64\debug\이코테29강fibo.new.obj.enc
c:\git\study_algorithm\백준스터디\baekjoonstudy\baekjoonstudy\x64\debug\vc143.idb
c:\git\study_algorithm\백준스터디\baekjoonstudy\baekjoonstudy\x64\debug\vc143.pdb
c:\git\study_algorithm\백준스터디\baekjoonstudy\baekjoonstudy\x64\debug\baekjoonstudy.tlog\cl.command.1.tlog
c:\git\study_algorithm\백준스터디\baekjoonstudy\baekjoonstudy\x64\debug\baekjoonstudy.tlog\cl.read.1.tlog
c:\git\study_algorithm\백준스터디\baekjoonstudy\baekjoonstudy\x64\debug\baekjoonstudy.tlog\cl.write.1.tlog
c:\git\study_algorithm\백준스터디\baekjoonstudy\baekjoonstudy\x64\debug\baekjoonstudy.tlog\link.command.1.tlog
c:\git\study_algorithm\백준스터디\baekjoonstudy\baekjoonstudy\x64\debug\baekjoonstudy.tlog\link.read.1.tlog
c:\git\study_algorithm\백준스터디\baekjoonstudy\baekjoonstudy\x64\debug\baekjoonstudy.tlog\link.write.1.tlog
